# JRE version: Java(TM) SE Runtime Environment (8.0_45-b15) (build 1.8.0_45-b15)
# Java VM: Java HotSpot(TM) 64-Bit Server VM (25.45-b02 mixed mode windows-amd64 compressed oops)
Heap:
 PSYoungGen      total 375808K, used 85263K [0x00000000e0000000, 0x0000000100000000, 0x0000000100000000)
  eden space 225280K, 17% used [0x00000000e0000000,0x00000000e278a810,0x00000000edc00000)
  from space 150528K, 29% used [0x00000000f6d00000,0x00000000f98b9548,0x0000000100000000)
  to   space 148480K, 0% used [0x00000000edc00000,0x00000000edc00000,0x00000000f6d00000)
 ParOldGen       total 556032K, used 515581K [0x00000000a0000000, 0x00000000c1f00000, 0x00000000e0000000)
  object space 556032K, 92% used [0x00000000a0000000,0x00000000bf77f468,0x00000000c1f00000)
 Metaspace       used 190046K, capacity 213175K, committed 213400K, reserved 1232896K
  class space    used 23631K, capacity 29571K, committed 29616K, reserved 1048576K
GC Heap History (10 events):
Event: 17629.655 GC heap before
{Heap before GC invocations=155 (full 8):
 PSYoungGen      total 358400K, used 340564K [0x00000000e0000000, 0x0000000100000000, 0x0000000100000000)
  eden space 218112K, 100% used [0x00000000e0000000,0x00000000ed500000,0x00000000ed500000)
  from space 140288K, 87% used [0x00000000f6900000,0x00000000fe095180,0x00000000ff200000)
  to   space 151552K, 0% used [0x00000000ed500000,0x00000000ed500000,0x00000000f6900000)
 ParOldGen       total 556032K, used 465954K [0x00000000a0000000, 0x00000000c1f00000, 0x00000000e0000000)
  object space 556032K, 83% used [0x00000000a0000000,0x00000000bc7088c0,0x00000000c1f00000)
 Metaspace       used 185593K, capacity 208255K, committed 208536K, reserved 1228800K
  class space    used 23163K, capacity 28989K, committed 29104K, reserved 1048576K
Event: 17629.703 GC heap after
Heap after GC invocations=155 (full 8):
 PSYoungGen      total 369664K, used 50150K [0x00000000e0000000, 0x0000000100000000, 0x0000000100000000)
  eden space 218112K, 0% used [0x00000000e0000000,0x00000000e0000000,0x00000000ed500000)
  from space 151552K, 33% used [0x00000000ed500000,0x00000000f05f98a0,0x00000000f6900000)
  to   space 149504K, 0% used [0x00000000f6e00000,0x00000000f6e00000,0x0000000100000000)
 ParOldGen       total 556032K, used 489015K [0x00000000a0000000, 0x00000000c1f00000, 0x00000000e0000000)
  object space 556032K, 87% used [0x00000000a0000000,0x00000000bdd8de28,0x00000000c1f00000)
 Metaspace       used 185593K, capacity 208255K, committed 208536K, reserved 1228800K
  class space    used 23163K, capacity 28989K, committed 29104K, reserved 1048576K
}
Event: 17635.737 GC heap before
{Heap before GC invocations=156 (full 8):
 PSYoungGen      total 369664K, used 268262K [0x00000000e0000000, 0x0000000100000000, 0x0000000100000000)
  eden space 218112K, 100% used [0x00000000e0000000,0x00000000ed500000,0x00000000ed500000)
  from space 151552K, 33% used [0x00000000ed500000,0x00000000f05f98a0,0x00000000f6900000)
  to   space 149504K, 0% used [0x00000000f6e00000,0x00000000f6e00000,0x0000000100000000)
 ParOldGen       total 556032K, used 489015K [0x00000000a0000000, 0x00000000c1f00000, 0x00000000e0000000)
  object space 556032K, 87% used [0x00000000a0000000,0x00000000bdd8de28,0x00000000c1f00000)
 Metaspace       used 185653K, capacity 208445K, committed 208536K, reserved 1228800K
  class space    used 23176K, capacity 29030K, committed 29104K, reserved 1048576K
Event: 17635.768 GC heap after
Heap after GC invocations=156 (full 8):
 PSYoungGen      total 363520K, used 52966K [0x00000000e0000000, 0x00000000ff700000, 0x0000000100000000)
  eden space 223232K, 0% used [0x00000000e0000000,0x00000000e0000000,0x00000000eda00000)
  from space 140288K, 37% used [0x00000000f6e00000,0x00000000fa1b98e0,0x00000000ff700000)
  to   space 145920K, 0% used [0x00000000eda00000,0x00000000eda00000,0x00000000f6880000)
 ParOldGen       total 556032K, used 496008K [0x00000000a0000000, 0x00000000c1f00000, 0x00000000e0000000)
  object space 556032K, 89% used [0x00000000a0000000,0x00000000be462278,0x00000000c1f00000)
 Metaspace       used 185653K, capacity 208445K, committed 208536K, reserved 1228800K
  class space    used 23176K, capacity 29030K, committed 29104K, reserved 1048576K
}
Event: 17672.051 GC heap before
{Heap before GC invocations=157 (full 8):
 PSYoungGen      total 363520K, used 276198K [0x00000000e0000000, 0x00000000ff700000, 0x0000000100000000)
  eden space 223232K, 100% used [0x00000000e0000000,0x00000000eda00000,0x00000000eda00000)
  from space 140288K, 37% used [0x00000000f6e00000,0x00000000fa1b98e0,0x00000000ff700000)
  to   space 145920K, 0% used [0x00000000eda00000,0x00000000eda00000,0x00000000f6880000)
 ParOldGen       total 556032K, used 496008K [0x00000000a0000000, 0x00000000c1f00000, 0x00000000e0000000)
  object space 556032K, 89% used [0x00000000a0000000,0x00000000be462278,0x00000000c1f00000)
 Metaspace       used 185730K, capacity 208565K, committed 208792K, reserved 1228800K
  class space    used 23187K, capacity 29070K, committed 29104K, reserved 1048576K
Event: 17672.074 GC heap after
Heap after GC invocations=157 (full 8):
 PSYoungGen      total 369152K, used 44310K [0x00000000e0000000, 0x0000000100000000, 0x0000000100000000)
  eden space 223232K, 0% used [0x00000000e0000000,0x00000000e0000000,0x00000000eda00000)
  from space 145920K, 30% used [0x00000000eda00000,0x00000000f05458f0,0x00000000f6880000)
  to   space 143872K, 0% used [0x00000000f7380000,0x00000000f7380000,0x0000000100000000)
 ParOldGen       total 556032K, used 496548K [0x00000000a0000000, 0x00000000c1f00000, 0x00000000e0000000)
  object space 556032K, 89% used [0x00000000a0000000,0x00000000be4e92c8,0x00000000c1f00000)
 Metaspace       used 185730K, capacity 208565K, committed 208792K, reserved 1228800K
  class space    used 23187K, capacity 29070K, committed 29104K, reserved 1048576K
}
Event: 17675.440 GC heap before
{Heap before GC invocations=158 (full 8):
 PSYoungGen      total 369152K, used 267542K [0x00000000e0000000, 0x0000000100000000, 0x0000000100000000)
  eden space 223232K, 100% used [0x00000000e0000000,0x00000000eda00000,0x00000000eda00000)
  from space 145920K, 30% used [0x00000000eda00000,0x00000000f05458f0,0x00000000f6880000)
  to   space 143872K, 0% used [0x00000000f7380000,0x00000000f7380000,0x0000000100000000)
 ParOldGen       total 556032K, used 496548K [0x00000000a0000000, 0x00000000c1f00000, 0x00000000e0000000)
  object space 556032K, 89% used [0x00000000a0000000,0x00000000be4e92c8,0x00000000c1f00000)
 Metaspace       used 185777K, capacity 208669K, committed 208792K, reserved 1228800K
  class space    used 23192K, capacity 29076K, committed 29104K, reserved 1048576K
Event: 17675.494 GC heap after
Heap after GC invocations=158 (full 8):
 PSYoungGen      total 365056K, used 61917K [0x00000000e0000000, 0x00000000ff300000, 0x0000000100000000)
  eden space 234496K, 0% used [0x00000000e0000000,0x00000000e0000000,0x00000000ee500000)
  from space 130560K, 47% used [0x00000000f7380000,0x00000000faff7740,0x00000000ff300000)
  to   space 138240K, 0% used [0x00000000ee500000,0x00000000ee500000,0x00000000f6c00000)
 ParOldGen       total 556032K, used 497124K [0x00000000a0000000, 0x00000000c1f00000, 0x00000000e0000000)
  object space 556032K, 89% used [0x00000000a0000000,0x00000000be579308,0x00000000c1f00000)
 Metaspace       used 185777K, capacity 208669K, committed 208792K, reserved 1228800K
  class space    used 23192K, capacity 29076K, committed 29104K, reserved 1048576K
}
Event: 17677.959 GC heap before
{Heap before GC invocations=159 (full 8):
 PSYoungGen      total 365056K, used 296413K [0x00000000e0000000, 0x00000000ff300000, 0x0000000100000000)
  eden space 234496K, 100% used [0x00000000e0000000,0x00000000ee500000,0x00000000ee500000)
  from space 130560K, 47% used [0x00000000f7380000,0x00000000faff7740,0x00000000ff300000)
  to   space 138240K, 0% used [0x00000000ee500000,0x00000000ee500000,0x00000000f6c00000)
 ParOldGen       total 556032K, used 497124K [0x00000000a0000000, 0x00000000c1f00000, 0x00000000e0000000)
  object space 556032K, 89% used [0x00000000a0000000,0x00000000be579308,0x00000000c1f00000)
 Metaspace       used 186809K, capacity 209775K, committed 209944K, reserved 1230848K
  class space    used 23301K, capacity 29213K, committed 29232K, reserved 1048576K
Event: 17678.020 GC heap after
Heap after GC invocations=159 (full 8):
 PSYoungGen      total 372736K, used 121355K [0x00000000e0000000, 0x0000000100000000, 0x0000000100000000)
  eden space 234496K, 0% used [0x00000000e0000000,0x00000000e0000000,0x00000000ee500000)
  from space 138240K, 87% used [0x00000000ee500000,0x00000000f5b82fe0,0x00000000f6c00000)
  to   space 150528K, 0% used [0x00000000f6d00000,0x00000000f6d00000,0x0000000100000000)
 ParOldGen       total 556032K, used 505398K [0x00000000a0000000, 0x00000000c1f00000, 0x00000000e0000000)
  object space 556032K, 90% used [0x00000000a0000000,0x00000000bed8db98,0x00000000c1f00000)
 Metaspace       used 186809K, capacity 209775K, committed 209944K, reserved 1230848K
  class space    used 23301K, capacity 29213K, committed 29232K, reserved 1048576K
}

